<?xml version="1.0" encoding="UTF-8"?>
<!-- Generated by org.testng.reporters.JUnitXMLReporter -->
<testsuite hostname="DESKTOP-SQI1G9P" ignored="0" name="Test validation" tests="1" failures="1" timestamp="11 Nov 2020 05:55:18 GMT" time="13.184" errors="0">
  <testcase name="BasePageNavigation" time="0.057" classname="Academy.ValidationTest">
    <failure type="java.lang.AssertionError" message="expected [FEATURED ddgCOURSES] but found [FEATURED COURSES]">
      <![CDATA[java.lang.AssertionError: expected [FEATURED ddgCOURSES] but found [FEATURED COURSES]
at Academy.ValidationTest.BasePageNavigation(ValidationTest.java:46)
at java.util.concurrent.FutureTask.run(FutureTask.java:266)
at java.util.concurrent.ThreadPoolExecutor.runWorker(ThreadPoolExecutor.java:1149)
at java.util.concurrent.ThreadPoolExecutor$Worker.run(ThreadPoolExecutor.java:624)
at java.lang.Thread.run(Thread.java:748)
... Removed 22 stack frames]]>
    </failure>
  </testcase> <!-- BasePageNavigation -->
</testsuite> <!-- Test validation -->
