<?xml version="1.0" encoding="UTF-8"?>
<!-- Generated by org.testng.reporters.JUnitXMLReporter -->
<testsuite hostname="DESKTOP-SQI1G9P" ignored="0" name="Home page validation" tests="2" failures="0" timestamp="12 Nov 2020 05:02:29 GMT" time="0.018" errors="0">
  <testcase name="@BeforeTest initializebrowser" time="0.008" classname="Academy.ValidateNavigationBar">
    <failure type="java.lang.NullPointerException">
      <![CDATA[java.lang.NullPointerException
at Academy.ValidateNavigationBar.initializebrowser(ValidateNavigationBar.java:22)
at java.util.concurrent.FutureTask.run(FutureTask.java:266)
at java.util.concurrent.ThreadPoolExecutor.runWorker(ThreadPoolExecutor.java:1149)
at java.util.concurrent.ThreadPoolExecutor$Worker.run(ThreadPoolExecutor.java:624)
at java.lang.Thread.run(Thread.java:748)
... Removed 15 stack frames]]>
    </failure>
  </testcase> <!-- @BeforeTest initializebrowser -->
  <testcase name="@BeforeMethod initializebrowser" time="0.001" classname="Academy.HomePage">
    <failure type="java.lang.NullPointerException">
      <![CDATA[java.lang.NullPointerException
at Academy.HomePage.initializebrowser(HomePage.java:21)
at java.util.concurrent.FutureTask.run(FutureTask.java:266)
at java.util.concurrent.ThreadPoolExecutor.runWorker(ThreadPoolExecutor.java:1149)
at java.util.concurrent.ThreadPoolExecutor$Worker.run(ThreadPoolExecutor.java:624)
at java.lang.Thread.run(Thread.java:748)
... Removed 19 stack frames]]>
    </failure>
  </testcase> <!-- @BeforeMethod initializebrowser -->
  <testcase name="@BeforeMethod initializebrowser" time="0.0" classname="Academy.HomePage">
    <skipped/>
  </testcase> <!-- @BeforeMethod initializebrowser -->
  <testcase name="@AfterTest teardown" time="0.0" classname="Academy.ValidateNavigationBar">
    <skipped/>
  </testcase> <!-- @AfterTest teardown -->
  <testcase name="@AfterTest teardown" time="0.0" classname="Academy.HomePage">
    <skipped/>
  </testcase> <!-- @AfterTest teardown -->
  <testcase name="BasePageNavigation" time="0.0" classname="Academy.HomePage">
    <skipped/>
  </testcase> <!-- BasePageNavigation -->
  <testcase name="BasePageNavigation" time="0.0" classname="Academy.HomePage">
    <skipped/>
  </testcase> <!-- BasePageNavigation -->
</testsuite> <!-- Home page validation -->
