<?xml version="1.0" encoding="UTF-8"?>
<testsuite xmlns:xsi="http://www.w3.org/2001/XMLSchema-instance" xsi:noNamespaceSchemaLocation="https://maven.apache.org/surefire/maven-surefire-plugin/xsd/surefire-test-report-3.0.xsd" version="3.0" name="TestSuite" time="1.215" tests="11" errors="0" skipped="8" failures="3">
  <properties>
[...]
</properties>
  <testcase name="initializebrowser" classname="Academy.ValidateNavigationBar" time="0.744">
    <failure type="java.lang.NullPointerException"><![CDATA[java.lang.NullPointerException
	at Academy.ValidateNavigationBar.initializebrowser(ValidateNavigationBar.java:22)
]]></failure>
    <system-out><![CDATA[chrome
chrome
]]></system-out>
    <system-err><![CDATA[ERROR StatusLogger No log4j2 configuration file found. Using default configuration: logging only errors to the console.
]]></system-err>
  </testcase>
  <testcase name="BasePageNavigation" classname="Academy.ValidateNavigationBar" time="0">
    <skipped/>
  </testcase>
  <testcase name="teardown" classname="Academy.ValidateNavigationBar" time="0">
    <skipped/>
  </testcase>
  <testcase name="initializebrowser" classname="Academy.ValidationTest" time="0.749">
    <failure type="java.lang.NullPointerException"><![CDATA[java.lang.NullPointerException
	at Academy.ValidationTest.initializebrowser(ValidationTest.java:25)
]]></failure>
  </testcase>
  <testcase name="BasePageNavigation" classname="Academy.ValidationTest" time="0">
    <skipped/>
  </testcase>
  <testcase name="teardown" classname="Academy.ValidationTest" time="0">
    <skipped/>
  </testcase>
  <testcase name="initializebrowser" classname="Academy.HomePage" time="0.75">
    <failure type="java.lang.NullPointerException"><![CDATA[java.lang.NullPointerException
	at Academy.HomePage.initializebrowser(HomePage.java:21)
]]></failure>
    <system-out><![CDATA[chrome
]]></system-out>
  </testcase>
  <testcase name="initializebrowser" classname="Academy.HomePage" time="0">
    <skipped/>
  </testcase>
  <testcase name="BasePageNavigation" classname="Academy.HomePage" time="0">
    <skipped/>
  </testcase>
  <testcase name="BasePageNavigation" classname="Academy.HomePage" time="0">
    <skipped/>
  </testcase>
  <testcase name="teardown" classname="Academy.HomePage" time="0">
    <skipped/>
  </testcase>
</testsuite>